\BOOKMARK [1][-]{Doc-Start}{LAMPIRAN}{}% 1
\BOOKMARK [1][-]{section.1}{Lampiran\040A:\040Detail\040Arsitektur\040HTR\040Recognizer}{}% 2
\BOOKMARK [2][-]{subsection.1.1}{Spesifikasi\040Lengkap\040CNN\040Backbone}{section.1}% 3
\BOOKMARK [2][-]{subsection.1.2}{Spesifikasi\040Lengkap\040Transformer\040Encoder}{section.1}% 4
\BOOKMARK [2][-]{subsection.1.3}{CTC\040Output\040Layer}{section.1}% 5
\BOOKMARK [2][-]{subsection.1.4}{Model\040Summary}{section.1}% 6
\BOOKMARK [1][-]{section.2}{Lampiran\040B:\040Detail\040Konfigurasi\040Training\040Recognizer}{}% 7
\BOOKMARK [2][-]{subsection.2.1}{Optimizer\040Configuration}{section.2}% 8
\BOOKMARK [2][-]{subsection.2.2}{Learning\040Rate\040Schedule}{section.2}% 9
\BOOKMARK [2][-]{subsection.2.3}{Data\040Augmentation}{section.2}% 10
\BOOKMARK [2][-]{subsection.2.4}{Regularization\040Techniques}{section.2}% 11
\BOOKMARK [1][-]{section.3}{Lampiran\040C:\040Detail\040Implementasi\040Numerik\040dan\040Efisiensi}{}% 12
\BOOKMARK [2][-]{subsection.3.1}{Stabilisasi\040Numerik\040CTC\040Loss}{section.3}% 13
\BOOKMARK [2][-]{subsection.3.2}{Justifikasi\040Presisi\040Numerik\040FP32}{section.3}% 14
\BOOKMARK [2][-]{subsection.3.3}{Efisiensi\040Komputasi}{section.3}% 15
\BOOKMARK [1][-]{section.4}{Lampiran\040D:\040Dokumentasi\040Desain\040Software}{}% 16
\BOOKMARK [2][-]{subsection.4.1}{Prinsip\040Desain\040Modular}{section.4}% 17
\BOOKMARK [2][-]{subsection.4.2}{Komponen\040Inti\040Framework}{section.4}% 18
\BOOKMARK [2][-]{subsection.4.3}{Sistem\040Konfigurasi\040Hierarkis}{section.4}% 19
\BOOKMARK [2][-]{subsection.4.4}{Testing\040Framework}{section.4}% 20
\BOOKMARK [2][-]{subsection.4.5}{Dependency\040Management}{section.4}% 21
\BOOKMARK [2][-]{subsection.4.6}{MLOps\040Integration}{section.4}% 22
\BOOKMARK [1][-]{section.5}{Lampiran\040E:\040Detail\040Teknik\040Stabilitas\040Training}{}% 23
\BOOKMARK [2][-]{subsection.5.1}{Gradient\040Stabilization}{section.5}% 24
\BOOKMARK [2][-]{subsection.5.2}{Loss\040Balancing\040Strategies}{section.5}% 25
\BOOKMARK [2][-]{subsection.5.3}{Mode\040Collapse\040Prevention}{section.5}% 26
