\BOOKMARK [1][-]{Doc-Start}{\376\377\000B\000A\000B\000\040\000I\000I\000I\000\040\000M\000E\000T\000O\000D\000O\000L\000O\000G\000I\000\040\000P\000E\000N\000E\000L\000I\000T\000I\000A\000N}{}% 1
\BOOKMARK [2][-]{subsection.3.1}{\376\377\000K\000e\000r\000a\000n\000g\000k\000a\000\040\000T\000e\000o\000r\000i\000\040\000M\000e\000t\000o\000d\000o\000l\000o\000g\000i\000\040\000P\000e\000n\000e\000l\000i\000t\000i\000a\000n}{Doc-Start}% 2
\BOOKMARK [3][-]{subsubsection.3.1.1}{\376\377\000D\000e\000s\000i\000g\000n\000\040\000S\000c\000i\000e\000n\000c\000e\000\040\000R\000e\000s\000e\000a\000r\000c\000h\000\040\000M\000e\000t\000h\000o\000d\000o\000l\000o\000g\000y\000\040\000\050\000D\000S\000R\000M\000\051}{subsection.3.1}% 3
\BOOKMARK [3][-]{subsubsection.3.1.2}{\376\377\000A\000d\000a\000p\000t\000a\000s\000i\000\040\000D\000S\000R\000M\000\040\000u\000n\000t\000u\000k\000\040\000P\000e\000n\000g\000e\000m\000b\000a\000n\000g\000a\000n\000\040\000F\000r\000a\000m\000e\000w\000o\000r\000k\000\040\000G\000A\000N\000-\000H\000T\000R}{subsection.3.1}% 4
\BOOKMARK [3][-]{subsubsection.3.1.3}{\376\377\000S\000i\000k\000l\000u\000s\000\040\000I\000t\000e\000r\000a\000t\000i\000f\000\040\000B\000e\000r\000b\000a\000s\000i\000s\000\040\000B\000u\000k\000t\000i\000\040\000E\000m\000p\000i\000r\000i\000s}{subsection.3.1}% 5
\BOOKMARK [2][-]{subsection.3.2}{\376\377\000T\000a\000h\000a\000p\000a\000n\000\040\000P\000e\000n\000e\000l\000i\000t\000i\000a\000n}{Doc-Start}% 6
\BOOKMARK [3][-]{subsubsection.3.2.1}{\376\377\000I\000d\000e\000n\000t\000i\000f\000i\000k\000a\000s\000i\000\040\000M\000a\000s\000a\000l\000a\000h\000\040\000d\000a\000n\000\040\000M\000o\000t\000i\000v\000a\000s\000i\000\040\000\050\000T\000a\000h\000a\000p\000\040\0001\000\051}{subsection.3.2}% 7
\BOOKMARK [3][-]{subsubsection.3.2.2}{\376\377\000D\000e\000f\000i\000n\000i\000s\000i\000\040\000T\000u\000j\000u\000a\000n\000\040\000S\000o\000l\000u\000s\000i\000\040\000\050\000T\000a\000h\000a\000p\000\040\0002\000\051}{subsection.3.2}% 8
\BOOKMARK [3][-]{subsubsection.3.2.3}{\376\377\000D\000e\000s\000a\000i\000n\000\040\000d\000a\000n\000\040\000P\000e\000n\000g\000e\000m\000b\000a\000n\000g\000a\000n\000\040\000A\000r\000t\000e\000f\000a\000k\000\040\000\050\000T\000a\000h\000a\000p\000\040\0003\000\051}{subsection.3.2}% 9
\BOOKMARK [3][-]{subsubsection.3.2.4}{\376\377\000D\000e\000m\000o\000n\000s\000t\000r\000a\000s\000i\000\040\000\050\000T\000a\000h\000a\000p\000\040\0004\000\051}{subsection.3.2}% 10
\BOOKMARK [3][-]{subsubsection.3.2.5}{\376\377\000E\000v\000a\000l\000u\000a\000s\000i\000\040\000\050\000T\000a\000h\000a\000p\000\040\0005\000\051}{subsection.3.2}% 11
\BOOKMARK [3][-]{subsubsection.3.2.6}{\376\377\000K\000o\000m\000u\000n\000i\000k\000a\000s\000i\000\040\000\050\000T\000a\000h\000a\000p\000\040\0006\000\051}{subsection.3.2}% 12
\BOOKMARK [3][-]{subsubsection.3.2.7}{\376\377\000S\000t\000r\000a\000t\000e\000g\000i\000\040\000P\000e\000l\000a\000t\000i\000h\000a\000n\000\040\000d\000a\000n\000\040\000V\000a\000l\000i\000d\000a\000s\000i}{subsection.3.2}% 13
\BOOKMARK [3][-]{subsubsection.3.2.8}{\376\377\000M\000e\000t\000o\000d\000o\000l\000o\000g\000i\000\040\000P\000e\000n\000e\000n\000t\000u\000a\000n\000\040\000B\000o\000b\000o\000t\000\040\000L\000o\000s\000s\000\040\000B\000e\000r\000b\000a\000s\000i\000s\000\040\000B\000a\000y\000e\000s\000i\000a\000n\000\040\000O\000p\000t\000i\000m\000i\000z\000a\000t\000i\000o\000n}{subsection.3.2}% 14
\BOOKMARK [3][-]{subsubsection.3.2.9}{\376\377\000S\000t\000r\000a\000t\000e\000g\000i\000\040\000O\000p\000t\000i\000m\000a\000s\000i\000\040\000N\000u\000m\000e\000r\000i\000k}{subsection.3.2}% 15
\BOOKMARK [3][-]{subsubsection.3.2.10}{\376\377\000D\000e\000s\000a\000i\000n\000\040\000E\000k\000s\000p\000e\000r\000i\000m\000e\000n\000\040\000M\000o\000d\000e\000\040\000D\000i\000s\000k\000r\000i\000m\000i\000n\000a\000t\000o\000r}{subsection.3.2}% 16
\BOOKMARK [3][-]{subsubsection.3.2.11}{\376\377\000S\000t\000r\000a\000t\000e\000g\000i\000\040\000P\000e\000l\000a\000t\000i\000h\000a\000n\000\040\000R\000e\000c\000o\000g\000n\000i\000z\000e\000r}{subsection.3.2}% 17
\BOOKMARK [3][-]{subsubsection.3.2.12}{\376\377\000I\000m\000p\000l\000e\000m\000e\000n\000t\000a\000s\000i\000\040\000C\000T\000C\000\040\000L\000o\000s\000s\000\040\000s\000e\000b\000a\000g\000a\000i\000\040\000M\000e\000t\000r\000i\000k\000\040\000E\000v\000a\000l\000u\000a\000s\000i}{subsection.3.2}% 18
\BOOKMARK [3][-]{subsubsection.3.2.13}{\376\377\000S\000i\000s\000t\000e\000m\000\040\000P\000e\000l\000a\000c\000a\000k\000a\000n\000\040\000E\000k\000s\000p\000e\000r\000i\000m\000e\000n}{subsection.3.2}% 19
\BOOKMARK [3][-]{subsubsection.3.2.14}{\376\377\000E\000v\000a\000l\000u\000a\000s\000i\000\040\000\050\000T\000a\000h\000a\000p\000\040\0005\000\051}{subsection.3.2}% 20
\BOOKMARK [3][-]{subsubsection.3.2.15}{\376\377\000M\000e\000t\000r\000i\000k\000\040\000K\000u\000a\000l\000i\000t\000a\000s\000\040\000V\000i\000s\000u\000a\000l}{subsection.3.2}% 21
\BOOKMARK [3][-]{subsubsection.3.2.16}{\376\377\000M\000e\000t\000r\000i\000k\000\040\000K\000e\000t\000e\000r\000b\000a\000c\000a\000a\000n\000\040\000T\000e\000k\000s}{subsection.3.2}% 22
\BOOKMARK [3][-]{subsubsection.3.2.17}{\376\377\000A\000n\000a\000l\000i\000s\000i\000s\000\040\000S\000t\000a\000t\000i\000s\000t\000i\000k}{subsection.3.2}% 23
\BOOKMARK [3][-]{subsubsection.3.2.18}{\376\377\000V\000a\000l\000i\000d\000a\000s\000i\000\040\000H\000i\000p\000o\000t\000e\000s\000i\000s}{subsection.3.2}% 24
\BOOKMARK [3][-]{subsubsection.3.2.19}{\376\377\000D\000e\000s\000a\000i\000n\000\040\000A\000b\000l\000a\000t\000i\000o\000n\000\040\000S\000t\000u\000d\000y}{subsection.3.2}% 25
\BOOKMARK [3][-]{subsubsection.3.2.20}{\376\377\000S\000t\000a\000t\000i\000s\000t\000i\000c\000a\000l\000\040\000T\000e\000s\000t\000i\000n\000g\000\040\000F\000r\000a\000m\000e\000w\000o\000r\000k}{subsection.3.2}% 26
\BOOKMARK [3][-]{subsubsection.3.2.21}{\376\377\000C\000r\000o\000s\000s\000-\000V\000a\000l\000i\000d\000a\000t\000i\000o\000n\000\040\000S\000t\000r\000a\000t\000e\000g\000y}{subsection.3.2}% 27
\BOOKMARK [3][-]{subsubsection.3.2.22}{\376\377\000K\000o\000m\000u\000n\000i\000k\000a\000s\000i\000\040\000\050\000T\000a\000h\000a\000p\000\040\0006\000\051}{subsection.3.2}% 28
\BOOKMARK [2][-]{subsection.3.3}{\376\377\000M\000a\000n\000a\000j\000e\000m\000e\000n\000\040\000P\000e\000n\000e\000l\000i\000t\000i\000a\000n}{Doc-Start}% 29
\BOOKMARK [3][-]{subsubsection.3.3.1}{\376\377\000P\000r\000i\000n\000s\000i\000p\000\040\000P\000e\000n\000g\000e\000m\000b\000a\000n\000g\000a\000n}{subsection.3.3}% 30
\BOOKMARK [3][-]{subsubsection.3.3.2}{\376\377\000S\000i\000s\000t\000e\000m\000\040\000D\000o\000k\000u\000m\000e\000n\000t\000a\000s\000i}{subsection.3.3}% 31
