\BOOKMARK [1][-]{Doc-Start}{\376\377\000B\000A\000B\000\040\000I\000\040\000P\000E\000N\000D\000A\000H\000U\000L\000U\000A\000N}{}% 1
\BOOKMARK [2][-]{subsection.4.1}{\376\377\000A\000n\000a\000l\000i\000s\000i\000s\000\040\000K\000e\000b\000u\000t\000u\000h\000a\000n\000\040\000S\000i\000s\000t\000e\000m}{Doc-Start}% 2
\BOOKMARK [3][-]{subsubsection.4.1.1}{\376\377\000K\000e\000b\000u\000t\000u\000h\000a\000n\000\040\000F\000u\000n\000g\000s\000i\000o\000n\000a\000l}{subsection.4.1}% 3
\BOOKMARK [3][-]{subsubsection.4.1.2}{\376\377\000K\000e\000b\000u\000t\000u\000h\000a\000n\000\040\000N\000o\000n\000-\000F\000u\000n\000g\000s\000i\000o\000n\000a\000l}{subsection.4.1}% 4
\BOOKMARK [2][-]{subsection.4.2}{\376\377\000R\000a\000n\000c\000a\000n\000g\000a\000n\000\040\000A\000r\000s\000i\000t\000e\000k\000t\000u\000r}{Doc-Start}% 5
\BOOKMARK [3][-]{subsubsection.4.2.1}{\376\377\000G\000a\000m\000b\000a\000r\000a\000n\000\040\000U\000m\000u\000m\000\040\000A\000r\000s\000i\000t\000e\000k\000t\000u\000r}{subsection.4.2}% 6
\BOOKMARK [3][-]{subsubsection.4.2.2}{\376\377\000D\000e\000s\000a\000i\000n\000\040\000G\000e\000n\000e\000r\000a\000t\000o\000r}{subsection.4.2}% 7
\BOOKMARK [3][-]{subsubsection.4.2.3}{\376\377\000D\000e\000s\000a\000i\000n\000\040\000R\000e\000c\000o\000g\000n\000i\000z\000e\000r}{subsection.4.2}% 8
\BOOKMARK [3][-]{subsubsection.4.2.4}{\376\377\000D\000e\000t\000a\000i\000l\000\040\000A\000r\000s\000i\000t\000e\000k\000t\000u\000r\000\040\000R\000e\000c\000o\000g\000n\000i\000z\000e\000r}{subsection.4.2}% 9
\BOOKMARK [3][-]{subsubsection.4.2.5}{\376\377\000D\000e\000s\000a\000i\000n\000\040\000D\000i\000s\000k\000r\000i\000m\000i\000n\000a\000t\000o\000r\000\040\000D\000u\000a\000l\000-\000M\000o\000d\000a\000l}{subsection.4.2}% 10
\BOOKMARK [3][-]{subsubsection.4.2.6}{\376\377\000D\000e\000s\000a\000i\000n\000\040\000F\000u\000n\000g\000s\000i\000\040\000L\000o\000s\000s}{subsection.4.2}% 11
\BOOKMARK [2][-]{subsection.4.3}{\376\377\000S\000p\000e\000s\000i\000f\000i\000k\000a\000s\000i\000\040\000L\000i\000n\000g\000k\000u\000n\000g\000a\000n\000\040\000I\000m\000p\000l\000e\000m\000e\000n\000t\000a\000s\000i}{Doc-Start}% 12
\BOOKMARK [3][-]{subsubsection.4.3.1}{\376\377\000S\000p\000e\000s\000i\000f\000i\000k\000a\000s\000i\000\040\000P\000e\000r\000a\000n\000g\000k\000a\000t\000\040\000K\000e\000r\000a\000s}{subsection.4.3}% 13
\BOOKMARK [3][-]{subsubsection.4.3.2}{\376\377\000K\000o\000n\000f\000i\000g\000u\000r\000a\000s\000i\000\040\000P\000e\000r\000a\000n\000g\000k\000a\000t\000\040\000L\000u\000n\000a\000k\000\040\000d\000a\000n\000\040\000L\000i\000b\000r\000a\000r\000y}{subsection.4.3}% 14
\BOOKMARK [3][-]{subsubsection.4.3.3}{\376\377\000K\000o\000n\000f\000i\000g\000u\000r\000a\000s\000i\000\040\000D\000o\000c\000k\000e\000r\000\040\000d\000a\000n\000\040\000R\000e\000p\000r\000o\000d\000u\000k\000t\000i\000f\000i\000t\000a\000s}{subsection.4.3}% 15
\BOOKMARK [2][-]{subsection.4.4}{\376\377\000I\000m\000p\000l\000e\000m\000e\000n\000t\000a\000s\000i\000\040\000P\000i\000p\000e\000l\000i\000n\000e\000\040\000D\000a\000t\000a}{Doc-Start}% 16
\BOOKMARK [3][-]{subsubsection.4.4.1}{\376\377\000P\000i\000p\000e\000l\000i\000n\000e\000\040\000P\000e\000r\000s\000i\000a\000p\000a\000n\000\040\000D\000a\000t\000a\000s\000e\000t\000\040\000H\000T\000R}{subsection.4.4}% 17
\BOOKMARK [3][-]{subsubsection.4.4.2}{\376\377\000P\000i\000p\000e\000l\000i\000n\000e\000\040\000D\000e\000g\000r\000a\000d\000a\000s\000i\000\040\000S\000i\000n\000t\000e\000t\000i\000s}{subsection.4.4}% 18
\BOOKMARK [3][-]{subsubsection.4.4.3}{\376\377\000F\000o\000r\000m\000a\000t\000\040\000D\000a\000t\000a\000\040\000d\000a\000n\000\040\000P\000r\000e\000p\000r\000o\000c\000e\000s\000s\000i\000n\000g}{subsection.4.4}% 19
\BOOKMARK [2][-]{subsection.4.5}{\376\377\000D\000e\000t\000a\000i\000l\000\040\000I\000m\000p\000l\000e\000m\000e\000n\000t\000a\000s\000i\000\040\000T\000r\000a\000i\000n\000i\000n\000g}{Doc-Start}% 20
\BOOKMARK [3][-]{subsubsection.4.5.1}{\376\377\000K\000o\000n\000f\000i\000g\000u\000r\000a\000s\000i\000\040\000P\000e\000l\000a\000t\000i\000h\000a\000n\000\040\000G\000e\000n\000e\000r\000a\000t\000o\000r}{subsection.4.5}% 21
\BOOKMARK [3][-]{subsubsection.4.5.2}{\376\377\000I\000m\000p\000l\000e\000m\000e\000n\000t\000a\000s\000i\000\040\000M\000u\000l\000t\000i\000-\000C\000o\000m\000p\000o\000n\000e\000n\000t\000\040\000L\000o\000s\000s\000\040\000F\000u\000n\000c\000t\000i\000o\000n}{subsection.4.5}% 22
\BOOKMARK [3][-]{subsubsection.4.5.3}{\376\377\000D\000i\000s\000c\000r\000i\000m\000i\000n\000a\000t\000o\000r\000\040\000M\000o\000d\000e\000\040\000I\000m\000p\000l\000e\000m\000e\000n\000t\000a\000t\000i\000o\000n}{subsection.4.5}% 23
\BOOKMARK [3][-]{subsubsection.4.5.4}{\376\377\000P\000i\000p\000e\000l\000i\000n\000e\000\040\000P\000e\000l\000a\000t\000i\000h\000a\000n\000\040\000R\000e\000c\000o\000g\000n\000i\000z\000e\000r}{subsection.4.5}% 24
\BOOKMARK [3][-]{subsubsection.4.5.5}{\376\377\000I\000m\000p\000l\000e\000m\000e\000n\000t\000a\000s\000i\000\040\000K\000e\000b\000i\000j\000a\000k\000a\000n\000\040\000P\000r\000e\000s\000i\000s\000i}{subsection.4.5}% 25
\BOOKMARK [2][-]{subsection.4.6}{\376\377\000I\000m\000p\000l\000e\000m\000e\000n\000t\000a\000s\000i\000\040\000P\000e\000l\000a\000t\000i\000h\000a\000n\000\040\000d\000a\000n\000\040\000E\000v\000a\000l\000u\000a\000s\000i}{Doc-Start}% 26
\BOOKMARK [3][-]{subsubsection.4.6.1}{\376\377\000K\000o\000n\000f\000i\000g\000u\000r\000a\000s\000i\000\040\000P\000e\000l\000a\000t\000i\000h\000a\000n\000\040\000D\000i\000s\000k\000r\000i\000m\000i\000n\000a\000t\000o\000r}{subsection.4.6}% 27
\BOOKMARK [3][-]{subsubsection.4.6.2}{\376\377\000I\000m\000p\000l\000e\000m\000e\000n\000t\000a\000s\000i\000\040\000M\000L\000f\000l\000o\000w\000\040\000T\000r\000a\000c\000k\000i\000n\000g}{subsection.4.6}% 28
\BOOKMARK [3][-]{subsubsection.4.6.3}{\376\377\000S\000i\000s\000t\000e\000m\000\040\000E\000v\000a\000l\000u\000a\000s\000i\000\040\000M\000u\000l\000t\000i\000-\000M\000e\000t\000r\000i\000k}{subsection.4.6}% 29
\BOOKMARK [2][-]{subsection.4.7}{\376\377\000S\000i\000s\000t\000e\000m\000\040\000M\000o\000n\000i\000t\000o\000r\000i\000n\000g\000\040\000d\000a\000n\000\040\000T\000r\000a\000c\000k\000i\000n\000g}{Doc-Start}% 30
\BOOKMARK [3][-]{subsubsection.4.7.1}{\376\377\000R\000e\000a\000l\000-\000t\000i\000m\000e\000\040\000T\000r\000a\000i\000n\000i\000n\000g\000\040\000M\000o\000n\000i\000t\000o\000r\000i\000n\000g}{subsection.4.7}% 31
\BOOKMARK [3][-]{subsubsection.4.7.2}{\376\377\000C\000h\000e\000c\000k\000p\000o\000i\000n\000t\000\040\000M\000a\000n\000a\000g\000e\000m\000e\000n\000t\000\040\000S\000t\000r\000a\000t\000e\000g\000y}{subsection.4.7}% 32
\BOOKMARK [3][-]{subsubsection.4.7.3}{\376\377\000I\000m\000p\000l\000e\000m\000e\000n\000t\000a\000s\000i\000\040\000E\000a\000r\000l\000y\000\040\000S\000t\000o\000p\000p\000i\000n\000g\000\040}{subsection.4.7}% 33
\BOOKMARK [2][-]{subsection.4.8}{\376\377\000O\000p\000t\000i\000m\000a\000s\000i\000\040\000d\000a\000n\000\040\000F\000i\000n\000e\000-\000T\000u\000n\000i\000n\000g}{Doc-Start}% 34
\BOOKMARK [3][-]{subsubsection.4.8.1}{\376\377\000S\000t\000r\000a\000t\000e\000g\000i\000\040\000O\000p\000t\000i\000m\000a\000s\000i\000\040\000H\000y\000p\000e\000r\000p\000a\000r\000a\000m\000e\000t\000e\000r}{subsection.4.8}% 35
\BOOKMARK [3][-]{subsubsection.4.8.2}{\376\377\000T\000e\000k\000n\000i\000k\000\040\000R\000e\000g\000u\000l\000a\000r\000i\000s\000a\000s\000i\000\040\000d\000a\000n\000\040\000S\000t\000a\000b\000i\000l\000i\000s\000a\000s\000i}{subsection.4.8}% 36
\BOOKMARK [3][-]{subsubsection.4.8.3}{\376\377\000M\000o\000n\000i\000t\000o\000r\000i\000n\000g\000\040\000d\000a\000n\000\040\000D\000e\000b\000u\000g\000g\000i\000n\000g}{subsection.4.8}% 37
\BOOKMARK [2][-]{subsection.4.9}{\376\377\000F\000r\000a\000m\000e\000w\000o\000r\000k\000\040\000M\000o\000d\000u\000l\000a\000r\000\040\000d\000a\000n\000\040\000R\000e\000u\000s\000a\000b\000l\000e}{Doc-Start}% 38
\BOOKMARK [3][-]{subsubsection.4.9.1}{\376\377\000A\000r\000s\000i\000t\000e\000k\000t\000u\000r\000\040\000M\000o\000d\000u\000l\000a\000r}{subsection.4.9}% 39
\BOOKMARK [3][-]{subsubsection.4.9.2}{\376\377\000K\000o\000n\000f\000i\000g\000u\000r\000a\000s\000i\000\040\000S\000i\000s\000t\000e\000m}{subsection.4.9}% 40
\BOOKMARK [3][-]{subsubsection.4.9.3}{\376\377\000A\000r\000s\000i\000t\000e\000k\000t\000u\000r\000\040\000P\000l\000u\000g\000i\000n}{subsection.4.9}% 41
\BOOKMARK [3][-]{subsubsection.4.9.4}{\376\377\000T\000e\000s\000t\000i\000n\000g\000\040\000F\000r\000a\000m\000e\000w\000o\000r\000k}{subsection.4.9}% 42
\BOOKMARK [3][-]{subsubsection.4.9.5}{\376\377\000D\000e\000p\000l\000o\000y\000m\000e\000n\000t\000\040\000F\000r\000a\000m\000e\000w\000o\000r\000k}{subsection.4.9}% 43
